<?xml version="1.0" encoding="UTF-8"?>
<!-- Generated by org.testng.reporters.JUnitReportReporter -->
<testsuite hostname="DESKTOP-BOS5H76" name="com.training.sanity.tests.LoginTests" tests="1" failures="0" timestamp="31 Mar 2020 11:58:40 GMT" time="20.071" errors="0">
  <testcase name="validLoginTest" time="20.071" classname="com.training.sanity.tests.LoginTests"/>
</testsuite> <!-- com.training.sanity.tests.LoginTests -->
